<?xml version="1.0" encoding="UTF-8"?>
<!-- Generated by org.testng.reporters.JUnitReportReporter -->
<testsuite hostname="DESKTOP-B0B06BR" failures="0" tests="6" name="testngpack.groupFlag" time="0.065" errors="0" timestamp="2022-06-08T08:26:39 IST" skipped="0">
  <testcase classname="testngpack.groupFlag" name="ft3" time="0.017"/>
  <system-out>
    <![CDATA[ft3]]>
  </system-out>
  <testcase classname="testngpack.groupFlag" name="ft5" time="0.002"/>
  <system-out>
    <![CDATA[ft5]]>
  </system-out>
  <testcase classname="testngpack.groupFlag" name="ft1" time="0.025"/>
  <system-out>
    <![CDATA[ft1]]>
  </system-out>
  <testcase classname="testngpack.groupFlag" name="ft2" time="0.010"/>
  <system-out>
    <![CDATA[ft2]]>
  </system-out>
  <testcase classname="testngpack.groupFlag" name="ft4" time="0.009"/>
  <system-out>
    <![CDATA[ft4]]>
  </system-out>
  <testcase classname="testngpack.groupFlag" name="ft6" time="0.002"/>
  <system-out>
    <![CDATA[ft6]]>
  </system-out>
</testsuite> <!-- testngpack.groupFlag -->
