<?xml version="1.0" encoding="UTF-8"?>
<!-- Generated by org.testng.reporters.JUnitReportReporter -->
<testsuite hostname="DESKTOP-B0B06BR" failures="0" tests="1" name="testngpack.Remo" time="0.006" errors="0" timestamp="2022-06-04T08:57:24 IST" skipped="0">
  <testcase classname="testngpack.Remo" name="B" time="0.006"/>
  <system-out>
    <![CDATA[Remo class method]]>
  </system-out>
</testsuite> <!-- testngpack.Remo -->
